<?xml version="1.0" encoding="UTF-8"?>
<testsuite name="com.bridgelabz.UserRegistrationTest" tests="1" skipped="0" failures="0" errors="0" timestamp="2021-08-25T07:41:10" hostname="LAPTOP-NGQU5TVV" time="0.022">
  <properties/>
  <testcase name="givenLastName_Return_True()" classname="com.bridgelabz.UserRegistrationTest" time="0.022"/>
  <system-out><![CDATA[]]></system-out>
  <system-err><![CDATA[]]></system-err>
</testsuite>
