<?xml version="1.0" encoding="UTF-8"?>
<testsuite name="com.bridgelabz.UserRegistrationTest" tests="14" skipped="0" failures="0" errors="0" timestamp="2021-08-25T08:32:54" hostname="LAPTOP-NGQU5TVV" time="0.025">
  <properties/>
  <testcase name="givenPassword_DoesNotContain_Min8Digits_ReturnFalse()" classname="com.bridgelabz.UserRegistrationTest" time="0.013"/>
  <testcase name="givenPhoneNumber_DoesNotHave10Numbers_ReturnFalse()" classname="com.bridgelabz.UserRegistrationTest" time="0.001"/>
  <testcase name="givenEmail_ShouldEndsWithCom_ReturnTrue()" classname="com.bridgelabz.UserRegistrationTest" time="0.001"/>
  <testcase name="givenEmail_ShouldNotStartsWith_CapLetter_ReturnFalse()" classname="com.bridgelabz.UserRegistrationTest" time="0.001"/>
  <testcase name="givenPhoneNumber_DoesNotHaveCountryCode_ReturnFalse()" classname="com.bridgelabz.UserRegistrationTest" time="0.001"/>
  <testcase name="givenPassword_ContainsNoUpperCase_NumericNum_ReturnFalse()" classname="com.bridgelabz.UserRegistrationTest" time="0.0"/>
  <testcase name="givenFirstName_Return_False()" classname="com.bridgelabz.UserRegistrationTest" time="0.0"/>
  <testcase name="givenFirstName_DoNotReturnMinThreeLetters_ReturnFalse()" classname="com.bridgelabz.UserRegistrationTest" time="0.001"/>
  <testcase name="givenFirstName_Return_True()" classname="com.bridgelabz.UserRegistrationTest" time="0.0"/>
  <testcase name="givenEmail_ShouldStartsWith_SmallLetter_ReturnTrue()" classname="com.bridgelabz.UserRegistrationTest" time="0.0"/>
  <testcase name="password_ShouldMinOf8Digit_WithOneUpperCase_NumericNum_ReturnTrue()" classname="com.bridgelabz.UserRegistrationTest" time="0.0"/>
  <testcase name="givenLastName_ShouldNotStart_withLowerCase_Return_False()" classname="com.bridgelabz.UserRegistrationTest" time="0.0"/>
  <testcase name="givenPhoneNumber_ShouldStartWith_CountryCodeFollowedBy10digits_ReturnTrue()" classname="com.bridgelabz.UserRegistrationTest" time="0.001"/>
  <testcase name="givenLastName_ShouldStartWith_UpperCase_Return_True()" classname="com.bridgelabz.UserRegistrationTest" time="0.001"/>
  <system-out><![CDATA[]]></system-out>
  <system-err><![CDATA[]]></system-err>
</testsuite>
