<?xml version="1.0" encoding="UTF-8"?>
<testsuite name="com.bridgelabz.UserRegistrationTest" tests="1" skipped="0" failures="0" errors="0" timestamp="2021-08-24T16:36:40" hostname="LAPTOP-NGQU5TVV" time="0.018">
  <properties/>
  <testcase name="givenFirstName_DoNotReturnMinThreeLetters_ReturnFalse()" classname="com.bridgelabz.UserRegistrationTest" time="0.018"/>
  <system-out><![CDATA[]]></system-out>
  <system-err><![CDATA[]]></system-err>
</testsuite>
